2025-02-27 09:04:52 - Received webhook: {
   "RCSMessage": {
      "msgId": "b7e4f99c-d7a7-40ff-8b13-4bf70bdfcdda",
      "textMessage":"YES",
      "timestamp": "2024-11-08T11:02:06.527061Z"
   },
   "messageContact": {
      "userContact": "+2348109876543"
   },
   "event": "message"
}
2025-03-14 11:45:13 - Received webhook: {
   "RCSMessage": {
      "msgId": "b7e4f99c-d7a7-40ff-8b13-4bf70bdfcdda",
      "textMessage":"YES",
      "timestamp": "2024-11-08T11:02:06.527061Z"
   },
   "messageContact": {
      "userContact": "+2348109876543"
   },
   "event": "message"
}
2025-03-14 11:45:34 - Received webhook: {
   "RCSMessage": {
      "msgId": "b7e4f99c-d7a7-40ff-8b13-4bf70bdfcdda",
      "textMessage":"YES",
      "timestamp": "2024-11-08T11:02:06.527061Z"
   },
   "messageContact": {
      "userContact": "+2348109876543"
   },
   "event": "message"
}
